2015-11-29 17:01:00 Notice: Notice (8): Trying to get property of non-object in [/home/nicolas/cake/src/Controller/UsersController.php, line 61]
Trace:
Cake\Error\BaseErrorHandler::handleError() - CORE/src/Error/BaseErrorHandler.php, line 138
App\Controller\UsersController::index() - APP/Controller/UsersController.php, line 61
Cake\Controller\Controller::invokeAction() - CORE/src/Controller/Controller.php, line 429
Cake\Routing\Dispatcher::_invoke() - CORE/src/Routing/Dispatcher.php, line 114
Cake\Routing\Dispatcher::dispatch() - CORE/src/Routing/Dispatcher.php, line 87
[main] - ROOT/webroot/index.php, line 37



2015-11-29 17:01:00 Notice: Notice (8): Use of undefined constant ctp - assumed 'ctp' in [/home/nicolas/cake/src/Controller/UsersController.php, line 61]
Trace:
Cake\Error\BaseErrorHandler::handleError() - CORE/src/Error/BaseErrorHandler.php, line 138
App\Controller\UsersController::index() - APP/Controller/UsersController.php, line 61
Cake\Controller\Controller::invokeAction() - CORE/src/Controller/Controller.php, line 429
Cake\Routing\Dispatcher::_invoke() - CORE/src/Routing/Dispatcher.php, line 114
Cake\Routing\Dispatcher::dispatch() - CORE/src/Routing/Dispatcher.php, line 87
[main] - ROOT/webroot/index.php, line 37



2015-11-29 17:01:00 Notice: Notice (8): Trying to get property of non-object in [/home/nicolas/cake/src/Controller/UsersController.php, line 61]
Trace:
Cake\Error\BaseErrorHandler::handleError() - CORE/src/Error/BaseErrorHandler.php, line 138
App\Controller\UsersController::index() - APP/Controller/UsersController.php, line 61
Cake\Controller\Controller::invokeAction() - CORE/src/Controller/Controller.php, line 429
Cake\Routing\Dispatcher::_invoke() - CORE/src/Routing/Dispatcher.php, line 114
Cake\Routing\Dispatcher::dispatch() - CORE/src/Routing/Dispatcher.php, line 87
[main] - ROOT/webroot/index.php, line 37



2015-11-29 17:01:00 Notice: Notice (8): Use of undefined constant ctp - assumed 'ctp' in [/home/nicolas/cake/src/Controller/UsersController.php, line 61]
Trace:
Cake\Error\BaseErrorHandler::handleError() - CORE/src/Error/BaseErrorHandler.php, line 138
App\Controller\UsersController::index() - APP/Controller/UsersController.php, line 61
Cake\Controller\Controller::invokeAction() - CORE/src/Controller/Controller.php, line 429
Cake\Routing\Dispatcher::_invoke() - CORE/src/Routing/Dispatcher.php, line 114
Cake\Routing\Dispatcher::dispatch() - CORE/src/Routing/Dispatcher.php, line 87
[main] - ROOT/webroot/index.php, line 37



